<?xml version="1.0" encoding="UTF-8"?>
<testng-results skipped="0" failed="0" total="1" passed="1">
  <reporter-output>
  </reporter-output>
  <suite name="Default suite" duration-ms="5927" started-at="2018-04-04T19:21:21Z" finished-at="2018-04-04T19:21:27Z">
    <groups>
    </groups>
    <test name="Default test" duration-ms="5927" started-at="2018-04-04T19:21:21Z" finished-at="2018-04-04T19:21:27Z">
      <class name="testing.CompanyCrudTest">
        <test-method status="PASS" signature="springTestContextBeforeTestClass()[pri:0, instance:testing.CompanyCrudTest@365185bd]" name="springTestContextBeforeTestClass" is-config="true" duration-ms="11" started-at="2018-04-04T22:21:21Z" finished-at="2018-04-04T22:21:21Z">
          <reporter-output>
          </reporter-output>
        </test-method> <!-- springTestContextBeforeTestClass -->
        <test-method status="PASS" signature="springTestContextPrepareTestInstance()[pri:0, instance:testing.CompanyCrudTest@365185bd]" name="springTestContextPrepareTestInstance" is-config="true" duration-ms="5445" started-at="2018-04-04T22:21:21Z" depends-on-methods="org.springframework.test.context.testng.AbstractTestNGSpringContextTests.springTestContextBeforeTestClass" finished-at="2018-04-04T22:21:27Z">
          <reporter-output>
          </reporter-output>
        </test-method> <!-- springTestContextPrepareTestInstance -->
        <test-method status="PASS" signature="springTestContextBeforeTestMethod(java.lang.reflect.Method)[pri:0, instance:testing.CompanyCrudTest@365185bd]" name="springTestContextBeforeTestMethod" is-config="true" duration-ms="2" started-at="2018-04-04T22:21:27Z" finished-at="2018-04-04T22:21:27Z">
          <params>
            <param index="0">
              <value>
                <![CDATA[public void testing.CompanyCrudTest.testFindAll()]]>
              </value>
            </param>
          </params>
          <reporter-output>
          </reporter-output>
        </test-method> <!-- springTestContextBeforeTestMethod -->
        <test-method status="PASS" signature="testFindAll()[pri:0, instance:testing.CompanyCrudTest@365185bd]" name="testFindAll" duration-ms="444" started-at="2018-04-04T22:21:27Z" finished-at="2018-04-04T22:21:27Z">
          <reporter-output>
          </reporter-output>
        </test-method> <!-- testFindAll -->
        <test-method status="PASS" signature="springTestContextAfterTestMethod(java.lang.reflect.Method)[pri:0, instance:testing.CompanyCrudTest@365185bd]" name="springTestContextAfterTestMethod" is-config="true" duration-ms="0" started-at="2018-04-04T22:21:27Z" finished-at="2018-04-04T22:21:27Z">
          <params>
            <param index="0">
              <value>
                <![CDATA[public void testing.CompanyCrudTest.testFindAll()]]>
              </value>
            </param>
          </params>
          <reporter-output>
          </reporter-output>
        </test-method> <!-- springTestContextAfterTestMethod -->
        <test-method status="PASS" signature="springTestContextAfterTestClass()[pri:0, instance:testing.CompanyCrudTest@365185bd]" name="springTestContextAfterTestClass" is-config="true" duration-ms="1" started-at="2018-04-04T22:21:27Z" finished-at="2018-04-04T22:21:27Z">
          <reporter-output>
          </reporter-output>
        </test-method> <!-- springTestContextAfterTestClass -->
      </class> <!-- testing.CompanyCrudTest -->
    </test> <!-- Default test -->
  </suite> <!-- Default suite -->
</testng-results>
